#
# There is insufficient memory for the Java Runtime Environment to continue.
# Native memory allocation (mmap) failed to map 268435456 bytes for G1 virtual space
# Possible reasons:
#   The system is out of physical RAM or swap space
#   The process is running with CompressedOops enabled, and the Java Heap may be blocking the growth of the native heap
# Possible solutions:
#   Reduce memory load on the system
#   Increase physical memory or swap space
#   Check if swap backing store is full
#   Decrease Java heap size (-Xmx/-Xms)
#   Decrease number of Java threads
#   Decrease Java thread stack sizes (-Xss)
#   Set larger code cache with -XX:ReservedCodeCacheSize=
#   JVM is running with Zero Based Compressed Oops mode in which the Java heap is
#     placed in the first 32GB address space. The Java Heap base address is the
#     maximum limit for the native heap growth. Please use -XX:HeapBaseMinAddress
#     to set the Java Heap base and to place the Java Heap above 32GB virtual address.
# This output file may be truncated or incomplete.
#
#  Out of Memory Error (os_windows.cpp:3771), pid=5276, tid=3340
#
# JRE version:  (17.0.7) (build )
# Java VM: OpenJDK 64-Bit Server VM (17.0.7+0-b2043.56-10550314, mixed mode, sharing, tiered, compressed oops, compressed class ptrs, g1 gc, windows-amd64)
# No core dump will be written. Minidumps are not enabled by default on client versions of Windows
#

---------------  S U M M A R Y ------------

Command Line: 

Host: Intel(R) Core(TM) i5-6200U CPU @ 2.30GHz, 4 cores, 15G,  Windows 10 , 64 bit Build 19041 (10.0.19041.4597)
Time: Tue Nov  5 17:03:42 2024 Paris, Madrid elapsed time: 0.031892 seconds (0d 0h 0m 0s)

---------------  T H R E A D  ---------------

Current thread (0x00000231662904f0):  JavaThread "Unknown thread" [_thread_in_vm, id=3340, stack(0x000000a0edd00000,0x000000a0ede00000)]

Stack: [0x000000a0edd00000,0x000000a0ede00000]
Native frames: (J=compiled Java code, j=interpreted, Vv=VM code, C=native code)
V  [jvm.dll+0x683bfa]
V  [jvm.dll+0x8430a4]
V  [jvm.dll+0x8449be]
V  [jvm.dll+0x845023]
V  [jvm.dll+0x24ad2f]
V  [jvm.dll+0x680ac9]
V  [jvm.dll+0x67519a]
V  [jvm.dll+0x30b3cb]
V  [jvm.dll+0x312876]
V  [jvm.dll+0x36221e]
V  [jvm.dll+0x36244f]
V  [jvm.dll+0x2e14a8]
V  [jvm.dll+0x2e2414]
V  [jvm.dll+0x814391]
V  [jvm.dll+0x36ffe1]
V  [jvm.dll+0x7f396c]
V  [jvm.dll+0x3f305f]
V  [jvm.dll+0x3f4b91]
C  [jli.dll+0x528f]
C  [ucrtbase.dll+0x21bb2]
C  [KERNEL32.DLL+0x17374]
C  [ntdll.dll+0x4cc91]


---------------  P R O C E S S  ---------------

Threads class SMR info:
_java_thread_list=0x00007ffe661cd098, length=0, elements={
}

Java Threads: ( => current thread )

Other Threads:
  0x00000231662fbbd0 GCTaskThread "GC Thread#0" [stack: 0x000000a0ede00000,0x000000a0edf00000] [id=13856]
  0x000002316630d8b0 ConcurrentGCThread "G1 Main Marker" [stack: 0x000000a0edf00000,0x000000a0ee000000] [id=13696]
  0x000002316630e1d0 ConcurrentGCThread "G1 Conc#0" [stack: 0x000000a0ee000000,0x000000a0ee100000] [id=3544]

[error occurred during error reporting (printing all threads), id 0xc0000005, EXCEPTION_ACCESS_VIOLATION (0xc0000005) at pc=0x00007ffe65982087]

VM state: not at safepoint (not fully initialized)

VM Mutex/Monitor currently owned by a thread:  ([mutex/lock_event])
[0x000002316628cfa0] Heap_lock - owner thread: 0x00000231662904f0

Heap address: 0x0000000701800000, size: 4072 MB, Compressed Oops mode: Zero based, Oop shift amount: 3

CDS archive(s) mapped at: [0x0000000000000000-0x0000000000000000-0x0000000000000000), size 0, SharedBaseAddress: 0x0000000800000000, ArchiveRelocationMode: 0.
Narrow klass base: 0x0000000000000000, Narrow klass shift: 0, Narrow klass range: 0x0

GC Precious Log:
<Empty>

Heap:
 garbage-first heap   total 0K, used 0K [0x0000000701800000, 0x0000000800000000)
  region size 2048K, 0 young (0K), 0 survivors (0K)
 Metaspace       used 0K, committed 0K, reserved 0K
  class space    used 0K, committed 0K, reserved 0K

Heap Regions: E=young(eden), S=young(survivor), O=old, HS=humongous(starts), HC=humongous(continues), CS=collection set, F=free, OA=open archive, CA=closed archive, TAMS=top-at-mark-start (previous, next)

Card table byte_map: [0x0000023178f70000,0x0000023179770000] _byte_map_base: 0x0000023175764000

Marking Bits (Prev, Next): (CMBitMap*) 0x00000231662fd100, (CMBitMap*) 0x00000231662fd140
 Prev Bits: [0x0000023179f70000, 0x000002317df10000)
 Next Bits: [0x0000023100000000, 0x0000023103fa0000)

GC Heap History (0 events):
No events

Dll operation events (1 events):
Event: 0.010 Loaded shared library C:\Program Files\Android\Android Studio\jbr\bin\java.dll

Deoptimization events (0 events):
No events

Classes unloaded (0 events):
No events

Classes redefined (0 events):
No events

Internal exceptions (0 events):
No events

VM Operations (0 events):
No events

Events (0 events):
No events


Dynamic libraries:
0x00007ff71fd20000 - 0x00007ff71fd2a000 	C:\Program Files\Android\Android Studio\jbr\bin\java.EXE
0x00007ffefff90000 - 0x00007fff00188000 	C:\Windows\SYSTEM32\ntdll.dll
0x00007ffefe930000 - 0x00007ffefe9f1000 	C:\Windows\System32\KERNEL32.DLL
0x00007ffefda20000 - 0x00007ffefdd16000 	C:\Windows\System32\KERNELBASE.dll
0x00007ffefdec0000 - 0x00007ffefdfc0000 	C:\Windows\System32\ucrtbase.dll
0x00007ffee6000000 - 0x00007ffee601b000 	C:\Program Files\Android\Android Studio\jbr\bin\VCRUNTIME140.dll
0x00007ffeef4c0000 - 0x00007ffeef4d7000 	C:\Program Files\Android\Android Studio\jbr\bin\jli.dll
0x00007ffeff180000 - 0x00007ffeff31f000 	C:\Windows\System32\USER32.dll
0x00007ffefdde0000 - 0x00007ffefde02000 	C:\Windows\System32\win32u.dll
0x00007ffef4d90000 - 0x00007ffef502a000 	C:\Windows\WinSxS\amd64_microsoft.windows.common-controls_6595b64144ccf1df_6.0.19041.4355_none_60b8b9eb71f62e16\COMCTL32.dll
0x00007ffeffeb0000 - 0x00007ffefff4e000 	C:\Windows\System32\msvcrt.dll
0x00007ffeff700000 - 0x00007ffeff72b000 	C:\Windows\System32\GDI32.dll
0x00007ffefd640000 - 0x00007ffefd757000 	C:\Windows\System32\gdi32full.dll
0x00007ffefd8f0000 - 0x00007ffefd98d000 	C:\Windows\System32\msvcp_win.dll
0x00007ffeffd70000 - 0x00007ffeffd9f000 	C:\Windows\System32\IMM32.DLL
0x00007ffee5ff0000 - 0x00007ffee5ffc000 	C:\Program Files\Android\Android Studio\jbr\bin\vcruntime140_1.dll
0x00007ffeb1f60000 - 0x00007ffeb1fed000 	C:\Program Files\Android\Android Studio\jbr\bin\msvcp140.dll
0x00007ffe65690000 - 0x00007ffe66310000 	C:\Program Files\Android\Android Studio\jbr\bin\server\jvm.dll
0x00007ffeffa90000 - 0x00007ffeffb40000 	C:\Windows\System32\ADVAPI32.dll
0x00007ffefe020000 - 0x00007ffefe0c0000 	C:\Windows\System32\sechost.dll
0x00007ffeff5d0000 - 0x00007ffeff6f3000 	C:\Windows\System32\RPCRT4.dll
0x00007ffefd760000 - 0x00007ffefd787000 	C:\Windows\System32\bcrypt.dll
0x00007ffed9840000 - 0x00007ffed9849000 	C:\Windows\SYSTEM32\WSOCK32.dll
0x00007ffef6070000 - 0x00007ffef6097000 	C:\Windows\SYSTEM32\WINMM.dll
0x00007ffeff330000 - 0x00007ffeff39b000 	C:\Windows\System32\WS2_32.dll
0x00007ffeefce0000 - 0x00007ffeefcea000 	C:\Windows\SYSTEM32\VERSION.dll
0x00007ffefb4c0000 - 0x00007ffefb4d2000 	C:\Windows\SYSTEM32\kernel.appcore.dll
0x00007ffee2300000 - 0x00007ffee230a000 	C:\Program Files\Android\Android Studio\jbr\bin\jimage.dll
0x00007ffef46a0000 - 0x00007ffef4884000 	C:\Windows\SYSTEM32\DBGHELP.DLL
0x00007ffeef340000 - 0x00007ffeef374000 	C:\Windows\SYSTEM32\dbgcore.DLL
0x00007ffefd990000 - 0x00007ffefda12000 	C:\Windows\System32\bcryptPrimitives.dll
0x00007ffeddb70000 - 0x00007ffeddb95000 	C:\Program Files\Android\Android Studio\jbr\bin\java.dll

dbghelp: loaded successfully - version: 4.0.5 - missing functions: none
symbol engine: initialized successfully - sym options: 0x614 - pdb path: .;C:\Program Files\Android\Android Studio\jbr\bin;C:\Windows\SYSTEM32;C:\Windows\WinSxS\amd64_microsoft.windows.common-controls_6595b64144ccf1df_6.0.19041.4355_none_60b8b9eb71f62e16;C:\Program Files\Android\Android Studio\jbr\bin\server

VM Arguments:
java_command: <unknown>
java_class_path (initial): <not set>
Launcher Type: SUN_STANDARD

[Global flags]
     intx CICompilerCount                          = 3                                         {product} {ergonomic}
     uint ConcGCThreads                            = 1                                         {product} {ergonomic}
     uint G1ConcRefinementThreads                  = 4                                         {product} {ergonomic}
   size_t G1HeapRegionSize                         = 2097152                                   {product} {ergonomic}
    uintx GCDrainStackTargetSize                   = 64                                        {product} {ergonomic}
   size_t InitialHeapSize                          = 268435456                                 {product} {ergonomic}
   size_t MarkStackSize                            = 4194304                                   {product} {ergonomic}
   size_t MaxHeapSize                              = 4269801472                                {product} {ergonomic}
   size_t MinHeapDeltaBytes                        = 2097152                                   {product} {ergonomic}
   size_t MinHeapSize                              = 8388608                                   {product} {ergonomic}
    uintx NonNMethodCodeHeapSize                   = 5832780                                {pd product} {ergonomic}
    uintx NonProfiledCodeHeapSize                  = 122912730                              {pd product} {ergonomic}
    uintx ProfiledCodeHeapSize                     = 122912730                              {pd product} {ergonomic}
    uintx ReservedCodeCacheSize                    = 251658240                              {pd product} {ergonomic}
     bool SegmentedCodeCache                       = true                                      {product} {ergonomic}
   size_t SoftMaxHeapSize                          = 4269801472                             {manageable} {ergonomic}
     bool UseCompressedClassPointers               = true                           {product lp64_product} {ergonomic}
     bool UseCompressedOops                        = true                           {product lp64_product} {ergonomic}
     bool UseG1GC                                  = true                                      {product} {ergonomic}
     bool UseLargePagesIndividualAllocation        = false                                  {pd product} {ergonomic}

Logging:
Log output configuration:
 #0: stdout all=warning uptime,level,tags
 #1: stderr all=off uptime,level,tags

Environment Variables:
JAVA_HOME=C:\Program Files\Java\jdk-21
PATH=C:\Program Files\Common Files\Oracle\Java\javapath;C:\Windows\system32;C:\Windows;C:\Windows\System32\Wbem;C:\Windows\System32\WindowsPowerShell\v1.0\;C:\Windows\System32\OpenSSH\;C:\Program Files\Git\cmd;C:\Program Files\Java\jdk-21;C:\Program Files\Java\jdk-21\bin;C:\Users\hp\AppData\Local\Android\Sdk\platform-tools;C:\Users\hp\AppData\Local\Pub\Cache\bin;C:\Program Files\nodejs\;C:\Ruby31-x64\bin;C:\Users\hp\AppData\Local\Microsoft\WindowsApps;C:\Users\hp\AppData\Local\Programs\Microsoft VS Code\bin;C:\flutter\bin;C:\dart-sdk\bin;C:\Users\hp\AppData\Roaming\npm;C:\Users\hp\AppData\Local\GitHubDesktop\bin;C:\Windows\System32\cmd.exe;C:\flutter\bin\mingit\cmd;C:\flutter\bin\mingit\cmd
USERNAME=hp
OS=Windows_NT
PROCESSOR_IDENTIFIER=Intel64 Family 6 Model 78 Stepping 3, GenuineIntel
TMP=C:\Users\hp\AppData\Local\Temp
TEMP=C:\Users\hp\AppData\Local\Temp


JNI global refs:
JNI global refs: 0, weak refs: 0

JNI global refs memory usage: 0, weak refs: 0

OOME stack traces (most recent first):
Classloader memory used:


---------------  S Y S T E M  ---------------

OS:
 Windows 10 , 64 bit Build 19041 (10.0.19041.4597)
OS uptime: 0 days 2:37 hours

CPU: total 4 (initial active 4) (2 cores per cpu, 2 threads per core) family 6 model 78 stepping 3 microcode 0xcc, cx8, cmov, fxsr, ht, mmx, 3dnowpref, sse, sse2, sse3, ssse3, sse4.1, sse4.2, popcnt, lzcnt, tsc, tscinvbit, avx, avx2, aes, erms, clmul, bmi1, bmi2, adx, fma, vzeroupper, clflush, clflushopt

Memory: 4k page, system-wide physical 16280M (2801M free)
TotalPageFile size 18328M (AvailPageFile size 27M)
current process WorkingSet (physical memory assigned to process): 10M, peak: 10M
current process commit charge ("private bytes"): 51M, peak: 307M

vm_info: OpenJDK 64-Bit Server VM (17.0.7+0-b2043.56-10550314) for windows-amd64 JRE (17.0.7+0-b2043.56-10550314), built on Jul 24 2023 18:27:45 by "androidbuild" with MS VC++ 16.10 / 16.11 (VS2019)

END.
